        -:    0:Source:tests-strpbrk.c
        -:    0:Programs:11
        -:    1:/*
        -:    2:** EPITECH PROJECT, 2018
        -:    3:** ASM
        -:    4:** File description:
        -:    5:** test strpbrk function
        -:    6:*/
        -:    7:
        -:    8:#include <criterion/criterion.h>
        -:    9:
        2:   10:Test(strpbrk, first_char_found)
        -:   11:{
        1:   12:	const char	str1[] = "abcde2fghi3jk4l";
        1:   13:	const char	str2[] = "34";
        -:   14:	char		*ret;
        -:   15:
        1:   16:	ret = strpbrk(str1, str2);
        1:   17:	cr_expect_eq(ret, &str1[10]);
        1:   18:}
        -:   19:
        2:   20:Test(strpbrk, first_char_not_found)
        -:   21:{
        1:   22:	const char	str1[] = "abcde2fghiOjk4l";
        1:   23:	const char	str2[] = "34";
        -:   24:	char		*ret;
        -:   25:
        1:   26:	ret = strpbrk(str1, str2);
        1:   27:	cr_expect_eq(ret, &str1[13]);
        1:   28:}
        -:   29:
        2:   30:Test(strpbrk, str2_empty)
        -:   31:{
        1:   32:	const char	str1[] = "abcde2fghiOjk4l";
        1:   33:	const char	str2[] = "";
        -:   34:	char		*ret;
        -:   35:
        1:   36:	ret = strpbrk(str1, str2);
        1:   37:	cr_expect_eq(ret, NULL);
        1:   38:}
        -:   39:
        2:   40:Test(strpbrk, str1_empty)
        -:   41:{
        1:   42:	const char	str1[] = "";
        1:   43:	const char	str2[] = "34";
        -:   44:	char		*ret;
        -:   45:
        1:   46:	ret = strpbrk(str1, str2);
        1:   47:	cr_expect_eq(ret, NULL);
        1:   48:}
