        -:    0:Source:tests-strlen.c
        -:    0:Programs:11
        -:    1:/*
        -:    2:** EPITECH PROJECT, 2018
        -:    3:** ASM
        -:    4:** File description:
        -:    5:** tests strlen
        -:    6:*/
        -:    7:
        -:    8:#include <stddef.h>
        -:    9:#include <signal.h>
        -:   10:#include <criterion/criterion.h>
        -:   11:
        2:   12:Test(strlen, empty_string)
        -:   13:{
        1:   14:	const char	*s = "";
        1:   15:	cr_expect_eq(strlen(s), 0);
        1:   16:}
        -:   17:
        2:   18:Test(strlen, normal_test)
        -:   19:{
        1:   20:	const char	*s = "Salut";
        1:   21:	cr_expect_eq(strlen(s), 5);
        1:   22:}
        -:   23:
        2:   24:Test(strlen, one_char_length)
        -:   25:{
        1:   26:	const char	*s = "S";
        1:   27:	cr_expect_eq(strlen(s), 1);
        1:   28:}
        -:   29:
    #####:   30:Test(strlen, segfault_test, .signal = SIGSEGV)
        -:   31:{
    #####:   32:	const char	*s = NULL;
    #####:   33:	cr_expect(strlen(s));
    #####:   34:}
