        -:    0:Source:tests-memset.c
        -:    0:Programs:11
        -:    1:/*
        -:    2:** EPITECH PROJECT, 2018
        -:    3:** ASM
        -:    4:** File description:
        -:    5:** testing memset function
        -:    6:*/
        -:    7:
        -:    8:#include <stddef.h>
        -:    9:#include <signal.h>
        -:   10:#include <criterion/criterion.h>
        -:   11:
        2:   12:Test(memset, sample_test)
        -:   13:{
        1:   14:	char		s[6] = "SALUT";
        1:   15:	int		c = 'R';
        1:   16:	int		val = 5;
        -:   17:
        1:   18:	memset(s, c, val);
        1:   19:	cr_expect_eq(strcmp(s, "RRRRR"), 0);
        1:   20:}
        -:   21:
        2:   22:Test(memset, val_set_to_zero)
        -:   23:{
        1:   24:	char		s[6] = "SALUT";
        1:   25:	int		c = 'R';
        1:   26:	int		val = 0;
        -:   27:
        1:   28:	memset(s, c, val);
        1:   29:	cr_expect_eq(strcmp(s, "SALUT"), 0);
        1:   30:}
        -:   31:
        2:   32:Test(memset, empty_string)
        -:   33:{
        1:   34:	char		s[6] = "";
        1:   35:	int		c = 'R';
        1:   36:	int		val = 5;
        -:   37:
        1:   38:	memset(s, c, val);
        1:   39:	cr_expect_eq(strcmp(s, "RRRRR"), 0);
        1:   40:}
        -:   41:
    #####:   42:Test(memset, null_pointer, .signal = SIGSEGV)
        -:   43:{
    #####:   44:	char		*s = NULL;
    #####:   45:	int		c = 'R';
    #####:   46:	int		val = 5;
        -:   47:
    #####:   48:	memset(s, c, val);
    #####:   49:	cr_expect_eq(strcmp(s, "RRRRR"), 0);
    #####:   50:}
        -:   51:
