        -:    0:Source:tests-memmove.c
        -:    0:Programs:11
        -:    1:/*
        -:    2:** EPITECH PROJECT, 2018
        -:    3:** ASM
        -:    4:** File description:
        -:    5:** tests memmove function
        -:    6:*/
        -:    7:
        -:    8:#include <stddef.h>
        -:    9:#include <signal.h>
        -:   10:#include <criterion/criterion.h>
        -:   11:
        2:   12:Test(memmove, sample_test)
        -:   13:{
        1:   14:	char dest[] = "oldstring";
        1:   15:	const char src[]  = "newstring";
        -:   16:
        1:   17:	memmove(dest, src, 9);
        1:   18:	cr_expect_eq(strcmp(dest, src), 0);
        1:   19:}
        -:   20:
        2:   21:Test(memmove, zero_value)
        -:   22:{
        1:   23:	char dest[] = "oldstring";
        1:   24:	const char src[]  = "newstring";
        -:   25:
        1:   26:	memmove(dest, src, 0);
        1:   27:	cr_expect_neq(strcmp(dest, src), 0);
        1:   28:}
        -:   29:
        2:   30:Test(memmove, dest_empty)
        -:   31:{
        1:   32:	char dest[9] = "";
        1:   33:	const char src[10]  = "newstring";
        -:   34:
        1:   35:	memmove(dest, src, 9);
        1:   36:	cr_expect_eq(strcmp(dest, src), 0);
        1:   37:}
        -:   38:
        2:   39:Test(memmove, src_empty)
        -:   40:{
        1:   41:	char dest[9] = "oldstring";
        1:   42:	const char src[10]  = "";
        -:   43:
        1:   44:	memmove(dest, src, 9);
        1:   45:	cr_expect_eq(strcmp(dest, src), 0);
        1:   46:}
        -:   47:
        2:   48:Test(memmove, both_empty)
        -:   49:{
        1:   50:	char dest[9] = "";
        1:   51:	const char src[10]  = "";
        -:   52:
        1:   53:	memmove(dest, src, 9);
        1:   54:	cr_expect_eq(strcmp(dest, src), 0);
        1:   55:}
