        -:    0:Source:tests-memcpy.c
        -:    0:Programs:11
        -:    1:/*
        -:    2:** EPITECH PROJECT, 2018
        -:    3:** ASM
        -:    4:** File description:
        -:    5:** testing memcpy function
        -:    6:*/
        -:    7:
        -:    8:#include <stddef.h>
        -:    9:#include <signal.h>
        -:   10:#include <criterion/criterion.h>
        -:   11:
        2:   12:Test(memcpy, sample_test)
        -:   13:{
        1:   14:	char	src[6] = "SALUT";
        1:   15:	char	dest[6] = "";
        -:   16:
        1:   17:	memcpy(dest, src, strlen(src) + 1);
        1:   18:	cr_expect_eq(strcmp(dest, "SALUT"), 0);
        1:   19:}
        -:   20:
        2:   21:Test(memcpy, empty_src)
        -:   22:{
        1:   23:	char	src[6] = "";
        1:   24:	char	dest[6] = "LOL";
        -:   25:
        1:   26:	memcpy(dest, src, strlen(src) + 1);
        1:   27:	cr_expect_eq(strcmp(dest, ""), 0);
        1:   28:}
        -:   29:
        2:   30:Test(memcpy, null_src)
        -:   31:{
        1:   32:	char	*src = NULL;
        1:   33:	char	dest[6] = "";
        -:   34:
        1:   35:	memcpy(dest, src, 0);
        1:   36:	cr_expect_eq(strcmp(dest, ""), 0);
        1:   37:}
        -:   38:
    #####:   39:Test(memcpy, null_dest, .signal = SIGSEGV)
        -:   40:{
    #####:   41:	char	src[6] = "SALUT";
    #####:   42:	char	*dest = NULL;
        -:   43:
    #####:   44:	memcpy(dest, src, strlen(src) + 1);
    #####:   45:	cr_expect_eq(strcmp(dest, "SALUT"), 0);
    #####:   46:}
